1: ZB permit-join status: seconds=180
I (343256) ESP_ZNSP_FRAME: 20 00 05 00 d9 01 00 00 4f 06
I (343256) gw_zb_sig_0031: ZB permit-join status: seconds=0

gw>  
gw>  
[pair] enabling bus monitor + setting commissioning knobs
monitor on
monitor: on
gw>  
gw>  zb tclk set default
I (528626) ESP_ZNSP_FRAME: TX id=40 sn=211 size=25 slip=27
I (528626) ESP_ZNSP_BUS: uart write 27 bytes
I (528636) ESP_ZNSP_FRAME: 10 00 28 00 d3 01 00 00 d6 87
zb tclk set: status=0x00 (ESP_OK)
gw>  
gw>  zb lke off
I (528726) ESP_ZNSP_FRAME: TX id=42 sn=29 size=10 slip=12
I (528726) ESP_ZNSP_BUS: uart write 12 bytes
I (528736) ESP_ZNSP_FRAME: 10 00 2a 00 1d 01 00 00 1b 1a
zb lke off: status=0x00 (ESP_OK)
gw>  
gw>  gw post permit_join 180
[gw] GW_CMD_PERMIT_JOIN (1) req_id=3 seconds=180
I (528826) gw_zb_0031: permit_join request seconds=180 req_id=3
posted GW_CMD_PERMIT_JOIN req_id=3
I (528826) ESP_ZNSP_FRAME: TX id=5 sn=89 size=10 slip=12
I (528826) ESP_ZNSP_BUS: uart write 12 bytes
gw>  
gw>  I (528836) ESP_ZNSP_FRAME: 10 00 05 00 59 01 00 00 a9 c6
I (528836) gw_zb_0031: permit_join response status=0x00 (ESP_OK) req_id=3
[gw] GW_EVT_CMD_RESULT (100) req_id=3 status=0

[pair] now pair the plug; logs are being captured for ~5 minutes
