bash -lc source\ \"/home/manuel/esp/esp
-5.4.1/export.sh\"\ \>/dev/null\ 2\>\&1
\;\ cd\ \"/home/manuel/esp/esp-zigbee-s
dk/examples/esp_zigbee_host\"\;\ idf.py
\ -p\ \"/dev/ttyACM0\"\ monitor
workspaces/2025-12-21/echo-base-documen
tation on â˜ï¸   ttc (us-east-1)  ðŸ”§ echo-
base-documentation
â¯ bash -lc source\ \"/home/manuel/esp/e
sp-5.4.1/export.sh\"\ \>/dev/null\ 2\>\
&1\;\ cd\ \"/home/manuel/esp/esp-zigbee
-sdk/examples/esp_zigbee_host\"\;\ idf.
py\ -p\ \"/dev/ttyACM0\"\ monitor
/home/manuel/.hishtory/config.sh: line
72: bind: warning: line editing not ena
bled
Executing action: monitor
Running idf_monitor in directory /home/
manuel/esp/esp-zigbee-sdk/examples/esp_
zigbee_host
Executing "/home/manuel/.espressif/pyth
on_env/idf5.4_py3.11_env/bin/python /ho
me/manuel/esp/esp-idf-5.4.1/tools/idf_m
onitor.py -p /dev/ttyACM0 -b 115200 --t
oolchain-prefix xtensa-esp32s3-elf- --t
arget esp32s3 --revision 0 /home/manuel
/esp/esp-zigbee-sdk/examples/esp_zigbee
_host/build/esp_zigbee_host.elf -m '/ho
me/manuel/.espressif/python_env/idf5.4_
py3.11_env/bin/python' '/home/manuel/es
p/esp-idf-5.4.1/tools/idf.py' '-p' '/de
v/ttyACM0'"...
--- esp-idf-monitor 1.8.0 on /dev/ttyAC
M0 115200
--- Quit: Ctrl+] | Menu: Ctrl+T | Help:
 Ctrl+T followed by Ctrl+H
ESP-ROM:esp32s3-20210327
Build:Mar 27 2021
rst:0x15 (USB_UART_CHIP_RESET),boot:0x2
8 (SPI_FAST_FLASH_BOOT)
Saved PC:0x4037925a
--- 0x4037925a: esp_cpu_wait_for_intr a
t /home/manuel/esp/esp-idf-5.4.1/compon
ents/esp_hw_support/cpu.c:64
SPIWP:0xee
mode:DIO, clock div:1
load:0x3fce2810,len:0x1120
load:0x403c8700,len:0x4
load:0x403c8704,len:0xb2c
load:0x403cb700,len:0x2d28
entry 0x403c88a8
I (87) cpu_start: Multicore app
I (96) cpu_start: Pro cpu start user co
de
I (96) cpu_start: cpu freq: 160000000 H
z
I (96) app_init: Application informatio
n:
I (96) app_init: Project name:     esp_
zigbee_host
I (100) app_init: App version:      3d8
6dd0-dirty
I (104) app_init: Compile time:     Jan
  4 2026 17:29:18
I (109) app_init: ELF file SHA256:  f61
ffec5e...
I (114) app_init: ESP-IDF:          v5.
4.1
I (118) efuse_init: Min chip rev:     v
0.0
I (121) efuse_init: Max chip rev:     v
0.99
I (125) efuse_init: Chip rev:         v
0.2
I (129) heap_init: Initializing. RAM av
ailable for dynamic allocation:
I (136) heap_init: At 3FC97F50 len 0005
17C0 (325 KiB): RAM
I (141) heap_init: At 3FCE9710 len 0000
5724 (21 KiB): RAM
I (146) heap_init: At 3FCF0000 len 0000
8000 (32 KiB): DRAM
I (151) heap_init: At 600FE11C len 0000
1ECC (7 KiB): RTCRAM
I (157) spi_flash: detected chip: gener
ic
I (160) spi_flash: flash io: dio
W (163) spi_flash: Detected size(16384k
) larger than the size in the binary im
age header(2048k). Using the size in th
e binary image header.
W (175) i2c: This driver is an old driv
er, please migrate your application cod
e to adapt `driver/i2c_master.h`
I (185) sleep_gpio: Configure to isolat
e all GPIO pins in sleep state
I (191) sleep_gpio: Enable automatic sw
itching of GPIO sleep configuration
I (198) main_task: Started on CPU0
I (208) main_task: Calling app_main()
I (228) uart: queue free spaces: 20
I (228) ESP_ZB_ON_OFF_SWITCH: esp_zb_ta
sk started
I (228) ESP_ZNSP_FRAME: TX id=0 sn=30 s
ize=9 slip=11
I (228) ESP_ZNSP_BUS: uart write 11 byt
es
I (238) main_task: Returned from app_ma
in()
I (238) ESP_ZNSP_FRAME: 10 00 00 00 1e
01 00 00 b8 93
I (238) ESP_ZB_ON_OFF_SWITCH: Initializ
e Zigbee stack
I (248) ESP_ZNSP_FRAME: TX id=4 sn=20 s
ize=25 slip=27
I (248) ESP_ZNSP_BUS: uart write 27 byt
es
I (288) ESP_ZNSP_FRAME: 10 00 04 00 14
01 00 00 ba 5f
I (288) ESP_ZNSP_FRAME: TX id=256 sn=23
3 size=25 slip=27
I (288) ESP_ZNSP_BUS: uart write 27 byt
es
I (298) ESP_ZNSP_FRAME: 10 00 00 01 e9
01 00 00 f6 b8
I (298) ESP_ZNSP_FRAME: TX id=16 sn=105
 size=13 slip=15
I (298) ESP_ZNSP_BUS: uart write 15 byt
es
I (308) ESP_ZNSP_FRAME: 10 00 10 00 69
01 00 00 6c dc
I (308) ESP_ZB_ON_OFF_SWITCH: calling e
sp_zb_start()
I (308) ESP_ZNSP_FRAME: TX id=1 sn=5 si
ze=10 slip=12
I (318) ESP_ZNSP_BUS: uart write 12 byt
es
I (338) ESP_ZNSP_FRAME: 10 00 01 00 05
01 00 00 27 94
I (338) ESP_ZB_ON_OFF_SWITCH: entering
esp_zb_stack_main_loop()
I (348) ESP_ZNSP_FRAME: 20 00 05 00 a4
01 00 00 85 d7
I (348) ESP_ZNSP_FRAME: TX id=11 sn=234
 size=9 slip=11
I (348) ESP_ZNSP_BUS: uart write 11 byt
es
I (358) ESP_ZNSP_FRAME: 20 00 04 00 44
0b 00 5b 45 ca fe ff b7 31 48 41
I (358) ESP_ZNSP_FRAME: 46 0d 55 ce
I (358) ESP_ZNSP_FRAME: 10 00 0b 00 ea
02 00 41 46 5d 50
W (348) ESP_ZB_ON_OFF_SWITCH: Network(0
x4641) closed, devices joining not allo
wed.
I (378) ESP_ZNSP_FRAME: TX id=13 sn=96
size=9 slip=11
I (378) ESP_ZNSP_BUS: uart write 11 byt
es
I (388) ESP_ZNSP_FRAME: 10 00 0d 00 60
08 00 5b 45 ca fe ff b7 31 48 4c
I (388) ESP_ZNSP_FRAME: f9
I (388) ESP_ZNSP_FRAME: TX id=11 sn=175
 size=9 slip=11
I (398) ESP_ZNSP_BUS: uart write 11 byt
es
I (398) ESP_ZNSP_FRAME: 10 00 0b 00 af
02 00 41 46 2b b7
I (408) ESP_ZNSP_FRAME: TX id=19 sn=0 s
ize=9 slip=11
I (408) ESP_ZNSP_BUS: uart write 11 byt
es
I (418) ESP_ZNSP_FRAME: 10 00 13 00 00
01 00 0d 73 6b
I (418) ESP_ZNSP_FRAME: TX id=29 sn=166
 size=9 slip=11
I (418) ESP_ZNSP_BUS: uart write 11 byt
es
I (428) ESP_ZNSP_FRAME: 10 00 1d 00 a6
02 00 00 00 c7 73
I (388) ESP_ZB_ON_OFF_SWITCH: Formed ne
twork successfully (Extended PAN ID: 48
:31:b7:ff:fe:ca:45:5b, PAN ID: 0x4641,
Channel:13, Short Address: 0x0000)
I (948) ESP_ZNSP_FRAME: 20 00 05 00 1e
01 00 b4 18 99
I (948) ESP_ZNSP_FRAME: TX id=11 sn=150
 size=9 slip=11
I (948) ESP_ZNSP_BUS: uart write 11 byt
es
I (958) ESP_ZNSP_FRAME: 10 00 0b 00 96
02 00 41 46 9e 32
I (948) ESP_ZB_ON_OFF_SWITCH: Network(0
x4641) is open for 180 seconds

