bash -lc source\ \"/home/manuel/esp/esp-
5.4.1/export.sh\"\ \>/dev/null\ 2\>\&1\;
\ cd\ \"/home/manuel/esp/esp-zigbee-sdk/
examples/esp_zigbee_ncp\"\;\ idf.py\ -p\
 \"/dev/ttyACM1\"\ monitor
workspaces/2025-12-21/echo-base-document
ation on â˜ï¸   ttc (us-east-1)  ðŸ”§ echo-ba
se-documentation
â¯ bash -lc source\ \"/home/manuel/esp/es
p-5.4.1/export.sh\"\ \>/dev/null\ 2\>\&1
\;\ cd\ \"/home/manuel/esp/esp-zigbee-sd
k/examples/esp_zigbee_ncp\"\;\ idf.py\ -
p\ \"/dev/ttyACM1\"\ monitor
/home/manuel/.hishtory/config.sh: line 7
2: bind: warning: line editing not enabl
ed
Executing action: monitor
Running idf_monitor in directory /home/m
anuel/esp/esp-zigbee-sdk/examples/esp_zi
gbee_ncp
Executing "/home/manuel/.espressif/pytho
n_env/idf5.4_py3.11_env/bin/python /home
/manuel/esp/esp-idf-5.4.1/tools/idf_moni
tor.py -p /dev/ttyACM1 -b 115200 --toolc
hain-prefix riscv32-esp-elf- --target es
p32h2 --revision 0 --decode-panic backtr
ace /home/manuel/esp/esp-zigbee-sdk/exam
ples/esp_zigbee_ncp/build/esp_zigbee_ncp
.elf -m '/home/manuel/.espressif/python_
env/idf5.4_py3.11_env/bin/python' '/home
/manuel/esp/esp-idf-5.4.1/tools/idf.py'
'-p' '/dev/ttyACM1'"...
--- esp-idf-monitor 1.8.0 on /dev/ttyACM
1 115200
--- Quit: Ctrl+] | Menu: Ctrl+T | Help:
Ctrl+T followed by Ctrl+H
ESP-ROM:esp32h2-20221101
Build:Nov  1 2022
rst:0x15 (USB_UART_HPSYS),boot:0xc (SPI_
FAST_FLASH_BOOT)
Saved PC:0x408047a0
--- 0x408047a0: rv_utils_wait_for_intr a
t /home/manuel/esp/esp-idf-5.4.1/compone
nts/riscv/include/riscv/rv_utils.h:62
--- (inlined by) esp_cpu_wait_for_intr a
t /home/manuel/esp/esp-idf-5.4.1/compone
nts/esp_hw_support/cpu.c:62
SPIWP:0xee
mode:DIO, clock div:1
load:0x408460f0,len:0x538
load:0x4083cad0,len:0xba4
load:0x4083efd0,len:0x24ec
entry 0x4083cad0
I (214) cpu_start: Unicore app
I (223) cpu_start: Pro cpu start user co
de
I (223) cpu_start: cpu freq: 96000000 Hz
I (223) app_init: Application informatio
n:
I (223) app_init: Project name:     esp_
zigbee_ncp
I (224) app_init: App version:      3d86
dd0-dirty
I (224) app_init: Compile time:     Jan
 4 2026 17:48:50
I (224) app_init: ELF file SHA256:  66d5
30bf9...
I (225) app_init: ESP-IDF:          v5.4
.1
I (225) efuse_init: Min chip rev:     v0
.0
I (225) efuse_init: Max chip rev:     v1
.99
I (226) efuse_init: Chip rev:         v0
.1
I (226) heap_init: Initializing. RAM ava
ilable for dynamic allocation:
I (227) heap_init: At 408156B0 len 00037
CD0 (223 KiB): RAM
I (227) heap_init: At 4084D380 len 00002
B60 (10 KiB): RAM
I (227) heap_init: At 50000000 len 00000
FE8 (3 KiB): RTCRAM
I (229) spi_flash: detected chip: generi
c
I (229) spi_flash: flash io: dio
I (230) sleep_gpio: Configure to isolate
 all GPIO pins in sleep state
I (231) sleep_gpio: Enable automatic swi
tching of GPIO sleep configuration
I (232) main_task: Started on CPU0
I (232) main_task: Calling app_main()
I (242) uart: queue free spaces: 20
I (242) main_task: Returned from app_mai
n()

